<?xml version="1.0" encoding="UTF-8"?>
<testng-results ignored="0" total="1" passed="1" failed="0" skipped="0">
  <reporter-output>
  </reporter-output>
  <suite started-at="2025-06-13T12:41:52 IST" name="Default suite" finished-at="2025-06-13T12:42:03 IST" duration-ms="10543">
    <groups>
    </groups>
    <test started-at="2025-06-13T12:41:52 IST" name="Default test" finished-at="2025-06-13T12:42:03 IST" duration-ms="10543">
      <class name="testpkg.RegistrationTest">
        <test-method is-config="true" signature="Base()[pri:0, instance:testpkg.RegistrationTest@71d44a3]" started-at="2025-06-13T12:41:52 IST" name="Base" finished-at="2025-06-13T12:41:59 IST" duration-ms="7029" status="PASS">
          <reporter-output>
          </reporter-output>
        </test-method> <!-- Base -->
        <test-method is-config="true" signature="bfmthd()[pri:0, instance:testpkg.RegistrationTest@71d44a3]" started-at="2025-06-13T12:41:59 IST" name="bfmthd" finished-at="2025-06-13T12:41:59 IST" duration-ms="24" status="PASS">
          <reporter-output>
          </reporter-output>
        </test-method> <!-- bfmthd -->
        <test-method signature="test()[pri:0, instance:testpkg.RegistrationTest@71d44a3]" started-at="2025-06-13T12:41:59 IST" name="test" finished-at="2025-06-13T12:42:03 IST" duration-ms="3450" status="PASS">
          <reporter-output>
          </reporter-output>
        </test-method> <!-- test -->
      </class> <!-- testpkg.RegistrationTest -->
    </test> <!-- Default test -->
  </suite> <!-- Default suite -->
</testng-results>
